<?xml version="1.0" encoding="UTF-8"?>
<!-- Generated by org.testng.reporters.JUnitXMLReporter -->
<testsuite hostname="TOR-ASUS02" ignored="0" name="Default test" tests="6" failures="0" timestamp="2021-08-05T23:41:02 EDT" time="0.13" errors="0">
  <testcase name="BrowserAutomation" time="0.015" classname="XenexEnterprises.SeleniumTest"/>
  <testcase name="ElementsUi" time="0.002" classname="XenexEnterprises.SeleniumTest"/>
  <testcase name="IOSApps" time="0.002" classname="XenexEnterprises.AppiumTest"/>
  <testcase name="NativeAppAndroid" time="0.002" classname="XenexEnterprises.AppiumTest"/>
  <testcase name="PostJira" time="0.007" classname="XenexEnterprises.RESTAPITest"/>
  <testcase name="deleteTwitter" time="0.002" classname="XenexEnterprises.RESTAPITest"/>
</testsuite> <!-- Default test -->
